<?xml version="1.0" encoding="UTF-8"?>
<!-- Generated by org.testng.reporters.JUnitReportReporter -->
<testsuite hostname="EN911201" failures="0" tests="6" name="TestRunner" time="56.264" errors="0" timestamp="2022-03-22T12:18:09 COT" skipped="0">
  <testcase classname="TestRunner" name="SortByDatesOnAscendingOrder" time="8.690"/>
  <system-out/>
  <testcase classname="TestRunner" name="ValidateActingTimeline" time="8.999"/>
  <system-out/>
  <testcase classname="TestRunner" name="VerifyMovieGenreFilter" time="12.131"/>
  <system-out/>
  <testcase classname="TestRunner" name="SuccessfulLogin" time="7.604"/>
  <system-out/>
  <testcase classname="TestRunner" name="FailedLogin" time="12.637"/>
  <system-out/>
  <testcase classname="TestRunner" name="SuccessfulSearch" time="6.203"/>
  <system-out/>
</testsuite> <!-- TestRunner -->
